 PEGS5-call comes next


 inseed=           1      (seed for generating unique sequences of Ranlux)
 ranlux luxury level set by rluxgo : 1     p=  48
 ranlux initialized by rluxgo from seed           1

 Start fluor_on_pb150
 Call hatch to get cross-section data

 HATCH-call comes next

 RAYLEIGH OPTION REQUESTED FOR MEDIUM NUMBER  1

 INCOHERENT OPTION REQUESTED FOR MEDIUM NUMBER  1

 EGS SUCCESSFULLY 'HATCHED' FOR ONE MEDIUM.

 Knock-on electrons can be created and any electron followed down to
                                          0.010 MeV kinetic energy
 Brem photons can be created and any photon followed down to
                                          0.001 MeV

 For 150.0 keV photons incident on 0.135cm of Pb with PCUT=0.001 MeV

 Transmitted primaries (true, never sca   4.552%  ave energy=   0.15000 MeV

 Fraction Rayleigh scattering (non-fluo   0.766%  ave energy=   0.14856 MeV

 Fraction Compton scattering only (non-   0.459%  ave energy=   0.11260 MeV

 Fraction fluorescence/photoelectric-de  12.477%  ave energy=   0.07585 MeV


 Total escaped-photon energy (MeV, both directions)=  0.179462E+05
 Total escaped-photon count=    182537.0
 TOTAL ENERGY TRANSMISSION FRACTION=  0.119641


 Escaped photons in 72-86 keV band (count)=    112548.0
 FRACTION OF ESCAPED PHOTONS IN 72-86 keV BAND=  0.616576


 Escaped-photon energy histogram (both directions), 1 keV bins:
   bin-upper-edge(MeV)   counts
    0.0010           0.0
    0.0020           1.0
    0.0030           1.0
    0.0040           1.0
    0.0050           4.0
    0.0060           1.0
    0.0070           3.0
    0.0080           6.0
    0.0090           5.0
    0.0100          37.0
    0.0110         851.0
    0.0120          20.0
    0.0130        1213.0
    0.0140          46.0
    0.0150         100.0
    0.0160          57.0
    0.0170           1.0
    0.0180           2.0
    0.0190           1.0
    0.0200           2.0
    0.0210           6.0
    0.0220           5.0
    0.0230           4.0
    0.0240           7.0
    0.0250           5.0
    0.0260           4.0
    0.0270           2.0
    0.0280           6.0
    0.0290           4.0
    0.0300           4.0
    0.0310           9.0
    0.0320           7.0
    0.0330           7.0
    0.0340          10.0
    0.0350           7.0
    0.0360           6.0
    0.0370           7.0
    0.0380           4.0
    0.0390          12.0
    0.0400           6.0
    0.0410           9.0
    0.0420          10.0
    0.0430           8.0
    0.0440           5.0
    0.0450          11.0
    0.0460           5.0
    0.0470           6.0
    0.0480           9.0
    0.0490           9.0
    0.0500          10.0
    0.0510           6.0
    0.0520          10.0
    0.0530          12.0
    0.0540           7.0
    0.0550           7.0
    0.0560          11.0
    0.0570          17.0
    0.0580          34.0
    0.0590          79.0
    0.0600          84.0
    0.0610          87.0
    0.0620          88.0
    0.0630          85.0
    0.0640          90.0
    0.0650         116.0
    0.0660         120.0
    0.0670         127.0
    0.0680         159.0
    0.0690         158.0
    0.0700         184.0
    0.0710         179.0
    0.0720         174.0
    0.0730       30987.0
    0.0740         117.0
    0.0750       55434.0
    0.0760          45.0
    0.0770          53.0
    0.0780          55.0
    0.0790          45.0
    0.0800          64.0
    0.0810          51.0
    0.0820          71.0
    0.0830          73.0
    0.0840          59.0
    0.0850       25002.0
    0.0860         492.0
    0.0870          24.0
    0.0880        7800.0
    0.0890          28.0
    0.0900           6.0
    0.0910           7.0
    0.0920           6.0
    0.0930           5.0
    0.0940           4.0
    0.0950         189.0
    0.0960         339.0
    0.0970         300.0
    0.0980         295.0
    0.0990         283.0
    0.1000         251.0
    0.1010         223.0
    0.1020         204.0
    0.1030         185.0
    0.1040         163.0
    0.1050         127.0
    0.1060         142.0
    0.1070         112.0
    0.1080         117.0
    0.1090          98.0
    0.1100          85.0
    0.1110          69.0
    0.1120          56.0
    0.1130          53.0
    0.1140          37.0
    0.1150          25.0
    0.1160          12.0
    0.1170           9.0
    0.1180           3.0
    0.1190           6.0
    0.1200           6.0
    0.1210           6.0
    0.1220           8.0
    0.1230          10.0
    0.1240           7.0
    0.1250          10.0
    0.1260          17.0
    0.1270          18.0
    0.1280          15.0
    0.1290          22.0
    0.1300          26.0
    0.1310          24.0
    0.1320          26.0
    0.1330          27.0
    0.1340          32.0
    0.1350          44.0
    0.1360          47.0
    0.1370          46.0
    0.1380          53.0
    0.1390          47.0
    0.1400          81.0
    0.1410          92.0
    0.1420          81.0
    0.1430          92.0
    0.1440         116.0
    0.1450         125.0
    0.1460         102.0
    0.1470         126.0
    0.1480         113.0
    0.1490         121.0
    0.1500       52796.0
    0.1510           0.0
    0.1520           0.0
    0.1530           0.0
    0.1540           0.0
    0.1550           0.0
    0.1560           0.0
    0.1570           0.0
    0.1580           0.0
    0.1590           0.0
    0.1600           0.0
