 PEGS5-call comes next


 inseed=           1      (seed for generating unique sequences of Ranlux)
 ranlux luxury level set by rluxgo : 1     p=  48
 ranlux initialized by rluxgo from seed           1

 Start fluor_on_cu
 Call hatch to get cross-section data

 HATCH-call comes next

 RAYLEIGH OPTION REQUESTED FOR MEDIUM NUMBER  1

 INCOHERENT OPTION REQUESTED FOR MEDIUM NUMBER  1

 EGS SUCCESSFULLY 'HATCHED' FOR ONE MEDIUM.

 Knock-on electrons can be created and any electron followed down to
                                          0.010 MeV kinetic energy
 Brem photons can be created and any photon followed down to
                                          0.001 MeV

 For 100.0 keV photons incident on 0.750cm of Cu with PCUT=0.001 MeV

 Transmitted primaries (true, never sca   4.612%  ave energy=   0.10000 MeV

 Fraction Rayleigh scattering (non-fluo   2.153%  ave energy=   0.09547 MeV

 Fraction Compton scattering only (non-   3.803%  ave energy=   0.08018 MeV

 Fraction fluorescence/photoelectric-de   0.085%  ave energy=   0.01129 MeV


 Total escaped-photon energy (MeV, both directions)=  0.972622E+04
 Total escaped-photon count=    106529.0
 TOTAL ENERGY TRANSMISSION FRACTION=  0.097262


 Escaped photons in 7.8-9.2 keV band (count)=       776.0
 FRACTION OF ESCAPED PHOTONS IN 7.8-9.2 keV BAND=  0.007284


 Escaped-photon energy histogram (both directions), 0.1 keV bins:
   bin-upper-edge(MeV)   counts
    0.0001           0.0
    0.0002           0.0
    0.0003           0.0
    0.0004           0.0
    0.0005           0.0
    0.0006           0.0
    0.0007           0.0
    0.0008           0.0
    0.0009           0.0
    0.0010           0.0
    0.0011           0.0
    0.0012           0.0
    0.0013           0.0
    0.0014           0.0
    0.0015           0.0
    0.0016           0.0
    0.0017           0.0
    0.0018           0.0
    0.0019           0.0
    0.0020           0.0
    0.0021           0.0
    0.0022           0.0
    0.0023           0.0
    0.0024           0.0
    0.0025           0.0
    0.0026           0.0
    0.0027           0.0
    0.0028           0.0
    0.0029           0.0
    0.0030           0.0
    0.0031           0.0
    0.0032           0.0
    0.0033           0.0
    0.0034           0.0
    0.0035           0.0
    0.0036           0.0
    0.0037           0.0
    0.0038           0.0
    0.0039           0.0
    0.0040           0.0
    0.0041           0.0
    0.0042           0.0
    0.0043           0.0
    0.0044           0.0
    0.0045           0.0
    0.0046           0.0
    0.0047           0.0
    0.0048           0.0
    0.0049           0.0
    0.0050           0.0
    0.0051           0.0
    0.0052           0.0
    0.0053           0.0
    0.0054           0.0
    0.0055           1.0
    0.0056           1.0
    0.0057           0.0
    0.0058           0.0
    0.0059           0.0
    0.0060           0.0
    0.0061           0.0
    0.0062           0.0
    0.0063           0.0
    0.0064           0.0
    0.0065           0.0
    0.0066           0.0
    0.0067           0.0
    0.0068           0.0
    0.0069           0.0
    0.0070           0.0
    0.0071           1.0
    0.0072           0.0
    0.0073           1.0
    0.0074           0.0
    0.0075           0.0
    0.0076           1.0
    0.0077           0.0
    0.0078           0.0
    0.0079           1.0
    0.0080           0.0
    0.0081         651.0
    0.0082           0.0
    0.0083           0.0
    0.0084           0.0
    0.0085           0.0
    0.0086           0.0
    0.0087           0.0
    0.0088           0.0
    0.0089           0.0
    0.0090         124.0
    0.0091           0.0
    0.0092           0.0
    0.0093           0.0
    0.0094           0.0
    0.0095           0.0
    0.0096           0.0
    0.0097           0.0
    0.0098           0.0
    0.0099           0.0
    0.0100           0.0
    0.0101           0.0
    0.0102           0.0
    0.0103           0.0
    0.0104           0.0
    0.0105           0.0
    0.0106           0.0
    0.0107           0.0
    0.0108           0.0
    0.0109           0.0
    0.0110           0.0
    0.0111           0.0
    0.0112           0.0
    0.0113           0.0
    0.0114           0.0
    0.0115           0.0
    0.0116           0.0
    0.0117           0.0
    0.0118           0.0
    0.0119           0.0
    0.0120           0.0
    0.0121           0.0
    0.0122           0.0
    0.0123           0.0
    0.0124           0.0
    0.0125           0.0
    0.0126           0.0
    0.0127           0.0
    0.0128           0.0
    0.0129           0.0
    0.0130           0.0
    0.0131           0.0
    0.0132           0.0
    0.0133           0.0
    0.0134           0.0
    0.0135           0.0
    0.0136           0.0
    0.0137           0.0
    0.0138           0.0
    0.0139           0.0
    0.0140           0.0
    0.0141           0.0
    0.0142           0.0
    0.0143           0.0
    0.0144           0.0
    0.0145           0.0
    0.0146           0.0
    0.0147           0.0
    0.0148           1.0
    0.0149           0.0
    0.0150           0.0
    0.0151           0.0
    0.0152           0.0
    0.0153           0.0
    0.0154           0.0
    0.0155           1.0
    0.0156           0.0
    0.0157           0.0
    0.0158           0.0
    0.0159           0.0
    0.0160           0.0
    0.0161           1.0
    0.0162           0.0
    0.0163           0.0
    0.0164           0.0
    0.0165           0.0
    0.0166           0.0
    0.0167           0.0
    0.0168           0.0
    0.0169           0.0
    0.0170           0.0
    0.0171           0.0
    0.0172           0.0
    0.0173           0.0
    0.0174           0.0
    0.0175           0.0
    0.0176           0.0
    0.0177           0.0
    0.0178           0.0
    0.0179           0.0
    0.0180           0.0
    0.0181           0.0
    0.0182           0.0
    0.0183           0.0
    0.0184           1.0
    0.0185           0.0
    0.0186           0.0
    0.0187           0.0
    0.0188           0.0
    0.0189           0.0
    0.0190           0.0
    0.0191           0.0
    0.0192           0.0
    0.0193           0.0
    0.0194           0.0
    0.0195           0.0
    0.0196           0.0
    0.0197           0.0
    0.0198           0.0
    0.0199           0.0
    0.0200           0.0
    0.0201           0.0
    0.0202           0.0
    0.0203           0.0
    0.0204           0.0
    0.0205           0.0
    0.0206           0.0
    0.0207           0.0
    0.0208           0.0
    0.0209           0.0
    0.0210           0.0
    0.0211           0.0
    0.0212           0.0
    0.0213           0.0
    0.0214           0.0
    0.0215           0.0
    0.0216           0.0
    0.0217           0.0
    0.0218           0.0
    0.0219           0.0
    0.0220           0.0
    0.0221           0.0
    0.0222           0.0
    0.0223           0.0
    0.0224           0.0
    0.0225           0.0
    0.0226           0.0
    0.0227           0.0
    0.0228           0.0
    0.0229           1.0
    0.0230           0.0
    0.0231           0.0
    0.0232           0.0
    0.0233           0.0
    0.0234           0.0
    0.0235           0.0
    0.0236           0.0
    0.0237           0.0
    0.0238           0.0
    0.0239           0.0
    0.0240           0.0
    0.0241           0.0
    0.0242           0.0
    0.0243           0.0
    0.0244           0.0
    0.0245           0.0
    0.0246           0.0
    0.0247           1.0
    0.0248           0.0
    0.0249           0.0
    0.0250           0.0
    0.0251           0.0
    0.0252           0.0
    0.0253           0.0
    0.0254           0.0
    0.0255           1.0
    0.0256           0.0
    0.0257           0.0
    0.0258           0.0
    0.0259           0.0
    0.0260           0.0
    0.0261           0.0
    0.0262           0.0
    0.0263           0.0
    0.0264           0.0
    0.0265           0.0
    0.0266           0.0
    0.0267           0.0
    0.0268           0.0
    0.0269           0.0
    0.0270           0.0
    0.0271           0.0
    0.0272           0.0
    0.0273           0.0
    0.0274           1.0
    0.0275           0.0
    0.0276           0.0
    0.0277           1.0
    0.0278           1.0
    0.0279           0.0
    0.0280           0.0
    0.0281           0.0
    0.0282           1.0
    0.0283           0.0
    0.0284           0.0
    0.0285           0.0
    0.0286           0.0
    0.0287           0.0
    0.0288           0.0
    0.0289           0.0
    0.0290           0.0
    0.0291           0.0
    0.0292           0.0
    0.0293           0.0
    0.0294           0.0
    0.0295           0.0
    0.0296           0.0
    0.0297           1.0
    0.0298           1.0
    0.0299           0.0
    0.0300           0.0
    0.0301           0.0
    0.0302           1.0
    0.0303           1.0
    0.0304           0.0
    0.0305           1.0
    0.0306           0.0
    0.0307           0.0
    0.0308           0.0
    0.0309           0.0
    0.0310           0.0
    0.0311           0.0
    0.0312           0.0
    0.0313           0.0
    0.0314           0.0
    0.0315           0.0
    0.0316           0.0
    0.0317           0.0
    0.0318           0.0
    0.0319           0.0
    0.0320           0.0
    0.0321           0.0
    0.0322           0.0
    0.0323           0.0
    0.0324           0.0
    0.0325           0.0
    0.0326           0.0
    0.0327           1.0
    0.0328           0.0
    0.0329           1.0
    0.0330           0.0
    0.0331           1.0
    0.0332           0.0
    0.0333           0.0
    0.0334           0.0
    0.0335           0.0
    0.0336           0.0
    0.0337           0.0
    0.0338           0.0
    0.0339           0.0
    0.0340           0.0
    0.0341           0.0
    0.0342           0.0
    0.0343           0.0
    0.0344           0.0
    0.0345           0.0
    0.0346           1.0
    0.0347           0.0
    0.0348           1.0
    0.0349           0.0
    0.0350           1.0
    0.0351           0.0
    0.0352           0.0
    0.0353           0.0
    0.0354           0.0
    0.0355           1.0
    0.0356           0.0
    0.0357           0.0
    0.0358           0.0
    0.0359           0.0
    0.0360           0.0
    0.0361           0.0
    0.0362           0.0
    0.0363           0.0
    0.0364           0.0
    0.0365           0.0
    0.0366           0.0
    0.0367           0.0
    0.0368           1.0
    0.0369           0.0
    0.0370           0.0
    0.0371           0.0
    0.0372           0.0
    0.0373           1.0
    0.0374           0.0
    0.0375           0.0
    0.0376           1.0
    0.0377           0.0
    0.0378           0.0
    0.0379           0.0
    0.0380           0.0
    0.0381           0.0
    0.0382           0.0
    0.0383           0.0
    0.0384           0.0
    0.0385           0.0
    0.0386           0.0
    0.0387           0.0
    0.0388           0.0
    0.0389           0.0
    0.0390           0.0
    0.0391           0.0
    0.0392           0.0
    0.0393           0.0
    0.0394           0.0
    0.0395           0.0
    0.0396           0.0
    0.0397           1.0
    0.0398           0.0
    0.0399           0.0
    0.0400           0.0
    0.0401           0.0
    0.0402           0.0
    0.0403           0.0
    0.0404           0.0
    0.0405           0.0
    0.0406           0.0
    0.0407           0.0
    0.0408           1.0
    0.0409           0.0
    0.0410           0.0
    0.0411           0.0
    0.0412           0.0
    0.0413           0.0
    0.0414           0.0
    0.0415           0.0
    0.0416           0.0
    0.0417           0.0
    0.0418           0.0
    0.0419           0.0
    0.0420           0.0
    0.0421           0.0
    0.0422           0.0
    0.0423           0.0
    0.0424           0.0
    0.0425           0.0
    0.0426           0.0
    0.0427           0.0
    0.0428           0.0
    0.0429           0.0
    0.0430           0.0
    0.0431           0.0
    0.0432           0.0
    0.0433           0.0
    0.0434           0.0
    0.0435           0.0
    0.0436           0.0
    0.0437           2.0
    0.0438           0.0
    0.0439           0.0
    0.0440           0.0
    0.0441           0.0
    0.0442           0.0
    0.0443           0.0
    0.0444           0.0
    0.0445           0.0
    0.0446           0.0
    0.0447           0.0
    0.0448           0.0
    0.0449           1.0
    0.0450           0.0
    0.0451           0.0
    0.0452           0.0
    0.0453           0.0
    0.0454           0.0
    0.0455           1.0
    0.0456           0.0
    0.0457           0.0
    0.0458           0.0
    0.0459           0.0
    0.0460           0.0
    0.0461           0.0
    0.0462           0.0
    0.0463           0.0
    0.0464           0.0
    0.0465           0.0
    0.0466           0.0
    0.0467           0.0
    0.0468           0.0
    0.0469           0.0
    0.0470           0.0
    0.0471           0.0
    0.0472           1.0
    0.0473           0.0
    0.0474           0.0
    0.0475           0.0
    0.0476           0.0
    0.0477           0.0
    0.0478           0.0
    0.0479           0.0
    0.0480           0.0
    0.0481           1.0
    0.0482           0.0
    0.0483           0.0
    0.0484           0.0
    0.0485           0.0
    0.0486           0.0
    0.0487           1.0
    0.0488           0.0
    0.0489           0.0
    0.0490           0.0
    0.0491           1.0
    0.0492           1.0
    0.0493           1.0
    0.0494           0.0
    0.0495           0.0
    0.0496           0.0
    0.0497           0.0
    0.0498           0.0
    0.0499           0.0
    0.0500           0.0
    0.0501           0.0
    0.0502           0.0
    0.0503           0.0
    0.0504           0.0
    0.0505           0.0
    0.0506           2.0
    0.0507           1.0
    0.0508           1.0
    0.0509           0.0
    0.0510           0.0
    0.0511           0.0
    0.0512           0.0
    0.0513           0.0
    0.0514           1.0
    0.0515           1.0
    0.0516           0.0
    0.0517           0.0
    0.0518           0.0
    0.0519           0.0
    0.0520           1.0
    0.0521           0.0
    0.0522           1.0
    0.0523           0.0
    0.0524           0.0
    0.0525           1.0
    0.0526           0.0
    0.0527           0.0
    0.0528           0.0
    0.0529           3.0
    0.0530           0.0
    0.0531           1.0
    0.0532           2.0
    0.0533           0.0
    0.0534           1.0
    0.0535           0.0
    0.0536           0.0
    0.0537           0.0
    0.0538           0.0
    0.0539           0.0
    0.0540           0.0
    0.0541           0.0
    0.0542           1.0
    0.0543           2.0
    0.0544           0.0
    0.0545           0.0
    0.0546           1.0
    0.0547           1.0
    0.0548           0.0
    0.0549           0.0
    0.0550           0.0
    0.0551           0.0
    0.0552           0.0
    0.0553           1.0
    0.0554           0.0
    0.0555           1.0
    0.0556           0.0
    0.0557           1.0
    0.0558           0.0
    0.0559           0.0
    0.0560           0.0
    0.0561           0.0
    0.0562           1.0
    0.0563           1.0
    0.0564           0.0
    0.0565           1.0
    0.0566           1.0
    0.0567           1.0
    0.0568           2.0
    0.0569           2.0
    0.0570           3.0
    0.0571           0.0
    0.0572           2.0
    0.0573           1.0
    0.0574           1.0
    0.0575           0.0
    0.0576           0.0
    0.0577           3.0
    0.0578           1.0
    0.0579           2.0
    0.0580           1.0
    0.0581           1.0
    0.0582           1.0
    0.0583           0.0
    0.0584           0.0
    0.0585           0.0
    0.0586           2.0
    0.0587           2.0
    0.0588           1.0
    0.0589           2.0
    0.0590           2.0
    0.0591           3.0
    0.0592           1.0
    0.0593           0.0
    0.0594           1.0
    0.0595           2.0
    0.0596           2.0
    0.0597           2.0
    0.0598           2.0
    0.0599           2.0
    0.0600           1.0
    0.0601           3.0
    0.0602           3.0
    0.0603           0.0
    0.0604           1.0
    0.0605           3.0
    0.0606           0.0
    0.0607           1.0
    0.0608           0.0
    0.0609           3.0
    0.0610           0.0
    0.0611           1.0
    0.0612           2.0
    0.0613           2.0
    0.0614           4.0
    0.0615           1.0
    0.0616           3.0
    0.0617           2.0
    0.0618           1.0
    0.0619           1.0
    0.0620           4.0
    0.0621           5.0
    0.0622           3.0
    0.0623           4.0
    0.0624           1.0
    0.0625           5.0
    0.0626           6.0
    0.0627           5.0
    0.0628           4.0
    0.0629           4.0
    0.0630           5.0
    0.0631           7.0
    0.0632          11.0
    0.0633           7.0
    0.0634           9.0
    0.0635           4.0
    0.0636          14.0
    0.0637           4.0
    0.0638           8.0
    0.0639           8.0
    0.0640           3.0
    0.0641          10.0
    0.0642           9.0
    0.0643           5.0
    0.0644          11.0
    0.0645           7.0
    0.0646           7.0
    0.0647           8.0
    0.0648           9.0
    0.0649           9.0
    0.0650          13.0
    0.0651           9.0
    0.0652           3.0
    0.0653          15.0
    0.0654           6.0
    0.0655           9.0
    0.0656           9.0
    0.0657          15.0
    0.0658          13.0
    0.0659           7.0
    0.0660          12.0
    0.0661          16.0
    0.0662          12.0
    0.0663          15.0
    0.0664          18.0
    0.0665          10.0
    0.0666          20.0
    0.0667          22.0
    0.0668          14.0
    0.0669          16.0
    0.0670          17.0
    0.0671          12.0
    0.0672          18.0
    0.0673          15.0
    0.0674          15.0
    0.0675          18.0
    0.0676          15.0
    0.0677          18.0
    0.0678          18.0
    0.0679          27.0
    0.0680          20.0
    0.0681          15.0
    0.0682          25.0
    0.0683          17.0
    0.0684          18.0
    0.0685          23.0
    0.0686          17.0
    0.0687          27.0
    0.0688          18.0
    0.0689          18.0
    0.0690          21.0
    0.0691          16.0
    0.0692          26.0
    0.0693          24.0
    0.0694          25.0
    0.0695          20.0
    0.0696          18.0
    0.0697          27.0
    0.0698          24.0
    0.0699          35.0
    0.0700          24.0
    0.0701          28.0
    0.0702          30.0
    0.0703          18.0
    0.0704          33.0
    0.0705          22.0
    0.0706          32.0
    0.0707          26.0
    0.0708          27.0
    0.0709          39.0
    0.0710          35.0
    0.0711          27.0
    0.0712          36.0
    0.0713          40.0
    0.0714          42.0
    0.0715          23.0
    0.0716          37.0
    0.0717          36.0
    0.0718          42.0
    0.0719         198.0
    0.0720         628.0
    0.0721         551.0
    0.0722         546.0
    0.0723         549.0
    0.0724         564.0
    0.0725         541.0
    0.0726         523.0
    0.0727         526.0
    0.0728         535.0
    0.0729         494.0
    0.0730         466.0
    0.0731         473.0
    0.0732         515.0
    0.0733         464.0
    0.0734         445.0
    0.0735         467.0
    0.0736         451.0
    0.0737         402.0
    0.0738         462.0
    0.0739         411.0
    0.0740         421.0
    0.0741         420.0
    0.0742         427.0
    0.0743         417.0
    0.0744         413.0
    0.0745         387.0
    0.0746         405.0
    0.0747         422.0
    0.0748         383.0
    0.0749         410.0
    0.0750         395.0
    0.0751         378.0
    0.0752         361.0
    0.0753         344.0
    0.0754         305.0
    0.0755         361.0
    0.0756         321.0
    0.0757         351.0
    0.0758         360.0
    0.0759         296.0
    0.0760         321.0
    0.0761         313.0
    0.0762         328.0
    0.0763         276.0
    0.0764         314.0
    0.0765         306.0
    0.0766         273.0
    0.0767         266.0
    0.0768         230.0
    0.0769         255.0
    0.0770         272.0
    0.0771         282.0
    0.0772         248.0
    0.0773         265.0
    0.0774         232.0
    0.0775         237.0
    0.0776         265.0
    0.0777         249.0
    0.0778         242.0
    0.0779         222.0
    0.0780         228.0
    0.0781         218.0
    0.0782         202.0
    0.0783         217.0
    0.0784         182.0
    0.0785         205.0
    0.0786         193.0
    0.0787         208.0
    0.0788         191.0
    0.0789         199.0
    0.0790         176.0
    0.0791         165.0
    0.0792         168.0
    0.0793         156.0
    0.0794         179.0
    0.0795         158.0
    0.0796         175.0
    0.0797         165.0
    0.0798         165.0
    0.0799         133.0
    0.0800         157.0
    0.0801         153.0
    0.0802         147.0
    0.0803         122.0
    0.0804         160.0
    0.0805         139.0
    0.0806         107.0
    0.0807         149.0
    0.0808         114.0
    0.0809         111.0
    0.0810         131.0
    0.0811         104.0
    0.0812         107.0
    0.0813         103.0
    0.0814         109.0
    0.0815          84.0
    0.0816          90.0
    0.0817          70.0
    0.0818          77.0
    0.0819          80.0
    0.0820          92.0
    0.0821          95.0
    0.0822          78.0
    0.0823          69.0
    0.0824          62.0
    0.0825          67.0
    0.0826          54.0
    0.0827          53.0
    0.0828          56.0
    0.0829          45.0
    0.0830          42.0
    0.0831          39.0
    0.0832          37.0
    0.0833          27.0
    0.0834          36.0
    0.0835          23.0
    0.0836          20.0
    0.0837          16.0
    0.0838          22.0
    0.0839          14.0
    0.0840          23.0
    0.0841          18.0
    0.0842          22.0
    0.0843          19.0
    0.0844          16.0
    0.0845          16.0
    0.0846          19.0
    0.0847          16.0
    0.0848          23.0
    0.0849          16.0
    0.0850           7.0
    0.0851          19.0
    0.0852          19.0
    0.0853          23.0
    0.0854          14.0
    0.0855          16.0
    0.0856          17.0
    0.0857          10.0
    0.0858          22.0
    0.0859          15.0
    0.0860          14.0
    0.0861          29.0
    0.0862          24.0
    0.0863          18.0
    0.0864          22.0
    0.0865          21.0
    0.0866          12.0
    0.0867          16.0
    0.0868          16.0
    0.0869          14.0
    0.0870          15.0
    0.0871          20.0
    0.0872          20.0
    0.0873          25.0
    0.0874          24.0
    0.0875          24.0
    0.0876          34.0
    0.0877          30.0
    0.0878          27.0
    0.0879          38.0
    0.0880          32.0
    0.0881          28.0
    0.0882          31.0
    0.0883          25.0
    0.0884          39.0
    0.0885          27.0
    0.0886          24.0
    0.0887          30.0
    0.0888          25.0
    0.0889          47.0
    0.0890          40.0
    0.0891          44.0
    0.0892          36.0
    0.0893          46.0
    0.0894          33.0
    0.0895          33.0
    0.0896          35.0
    0.0897          38.0
    0.0898          32.0
    0.0899          45.0
    0.0900          48.0
    0.0901          56.0
    0.0902          39.0
    0.0903          49.0
    0.0904          51.0
    0.0905          60.0
    0.0906          45.0
    0.0907          56.0
    0.0908          51.0
    0.0909          47.0
    0.0910          55.0
    0.0911          53.0
    0.0912          51.0
    0.0913          49.0
    0.0914          59.0
    0.0915          53.0
    0.0916          52.0
    0.0917          50.0
    0.0918          53.0
    0.0919          47.0
    0.0920          81.0
    0.0921          77.0
    0.0922          79.0
    0.0923          79.0
    0.0924          52.0
    0.0925          72.0
    0.0926          60.0
    0.0927          77.0
    0.0928          84.0
    0.0929          71.0
    0.0930          76.0
    0.0931          66.0
    0.0932          85.0
    0.0933          91.0
    0.0934          66.0
    0.0935          80.0
    0.0936          82.0
    0.0937          98.0
    0.0938          88.0
    0.0939          92.0
    0.0940          92.0
    0.0941          97.0
    0.0942          99.0
    0.0943          85.0
    0.0944         107.0
    0.0945         104.0
    0.0946         111.0
    0.0947         110.0
    0.0948         110.0
    0.0949         119.0
    0.0950         129.0
    0.0951         107.0
    0.0952          95.0
    0.0953         128.0
    0.0954         108.0
    0.0955         133.0
    0.0956         128.0
    0.0957         128.0
    0.0958         142.0
    0.0959         141.0
    0.0960         136.0
    0.0961         134.0
    0.0962         142.0
    0.0963         130.0
    0.0964         162.0
    0.0965         143.0
    0.0966         160.0
    0.0967         137.0
    0.0968         159.0
    0.0969         150.0
    0.0970         162.0
    0.0971         170.0
    0.0972         150.0
    0.0973         163.0
    0.0974         174.0
    0.0975         155.0
    0.0976         164.0
    0.0977         168.0
    0.0978         171.0
    0.0979         166.0
    0.0980         182.0
    0.0981         155.0
    0.0982         191.0
    0.0983         188.0
    0.0984         189.0
    0.0985         172.0
    0.0986         194.0
    0.0987         196.0
    0.0988         180.0
    0.0989         194.0
    0.0990         175.0
    0.0991         175.0
    0.0992         190.0
    0.0993         183.0
    0.0994         187.0
    0.0995         176.0
    0.0996         182.0
    0.0997         170.0
    0.0998         162.0
    0.0999         136.0
    0.1000       60814.0
    0.1001           0.0
    0.1002           0.0
    0.1003           0.0
    0.1004           0.0
    0.1005           0.0
    0.1006           0.0
    0.1007           0.0
    0.1008           0.0
    0.1009           0.0
    0.1010           0.0
    0.1011           0.0
    0.1012           0.0
    0.1013           0.0
    0.1014           0.0
    0.1015           0.0
    0.1016           0.0
    0.1017           0.0
    0.1018           0.0
    0.1019           0.0
    0.1020           0.0
    0.1021           0.0
    0.1022           0.0
    0.1023           0.0
    0.1024           0.0
    0.1025           0.0
    0.1026           0.0
    0.1027           0.0
    0.1028           0.0
    0.1029           0.0
    0.1030           0.0
    0.1031           0.0
    0.1032           0.0
    0.1033           0.0
    0.1034           0.0
    0.1035           0.0
    0.1036           0.0
    0.1037           0.0
    0.1038           0.0
    0.1039           0.0
    0.1040           0.0
    0.1041           0.0
    0.1042           0.0
    0.1043           0.0
    0.1044           0.0
    0.1045           0.0
    0.1046           0.0
    0.1047           0.0
    0.1048           0.0
    0.1049           0.0
    0.1050           0.0
    0.1051           0.0
    0.1052           0.0
    0.1053           0.0
    0.1054           0.0
    0.1055           0.0
    0.1056           0.0
    0.1057           0.0
    0.1058           0.0
    0.1059           0.0
    0.1060           0.0
    0.1061           0.0
    0.1062           0.0
    0.1063           0.0
    0.1064           0.0
    0.1065           0.0
    0.1066           0.0
    0.1067           0.0
    0.1068           0.0
    0.1069           0.0
    0.1070           0.0
    0.1071           0.0
    0.1072           0.0
    0.1073           0.0
    0.1074           0.0
    0.1075           0.0
    0.1076           0.0
    0.1077           0.0
    0.1078           0.0
    0.1079           0.0
    0.1080           0.0
    0.1081           0.0
    0.1082           0.0
    0.1083           0.0
    0.1084           0.0
    0.1085           0.0
    0.1086           0.0
    0.1087           0.0
    0.1088           0.0
    0.1089           0.0
    0.1090           0.0
    0.1091           0.0
    0.1092           0.0
    0.1093           0.0
    0.1094           0.0
    0.1095           0.0
    0.1096           0.0
    0.1097           0.0
    0.1098           0.0
    0.1099           0.0
    0.1100           0.0
    0.1101           0.0
    0.1102           0.0
    0.1103           0.0
    0.1104           0.0
    0.1105           0.0
    0.1106           0.0
    0.1107           0.0
    0.1108           0.0
    0.1109           0.0
    0.1110           0.0
    0.1111           0.0
    0.1112           0.0
    0.1113           0.0
    0.1114           0.0
    0.1115           0.0
    0.1116           0.0
    0.1117           0.0
    0.1118           0.0
    0.1119           0.0
    0.1120           0.0
    0.1121           0.0
    0.1122           0.0
    0.1123           0.0
    0.1124           0.0
    0.1125           0.0
    0.1126           0.0
    0.1127           0.0
    0.1128           0.0
    0.1129           0.0
    0.1130           0.0
    0.1131           0.0
    0.1132           0.0
    0.1133           0.0
    0.1134           0.0
    0.1135           0.0
    0.1136           0.0
    0.1137           0.0
    0.1138           0.0
    0.1139           0.0
    0.1140           0.0
    0.1141           0.0
    0.1142           0.0
    0.1143           0.0
    0.1144           0.0
    0.1145           0.0
    0.1146           0.0
    0.1147           0.0
    0.1148           0.0
    0.1149           0.0
    0.1150           0.0
    0.1151           0.0
    0.1152           0.0
    0.1153           0.0
    0.1154           0.0
    0.1155           0.0
    0.1156           0.0
    0.1157           0.0
    0.1158           0.0
    0.1159           0.0
    0.1160           0.0
    0.1161           0.0
    0.1162           0.0
    0.1163           0.0
    0.1164           0.0
    0.1165           0.0
    0.1166           0.0
    0.1167           0.0
    0.1168           0.0
    0.1169           0.0
    0.1170           0.0
    0.1171           0.0
    0.1172           0.0
    0.1173           0.0
    0.1174           0.0
    0.1175           0.0
    0.1176           0.0
    0.1177           0.0
    0.1178           0.0
    0.1179           0.0
    0.1180           0.0
    0.1181           0.0
    0.1182           0.0
    0.1183           0.0
    0.1184           0.0
    0.1185           0.0
    0.1186           0.0
    0.1187           0.0
    0.1188           0.0
    0.1189           0.0
    0.1190           0.0
    0.1191           0.0
    0.1192           0.0
    0.1193           0.0
    0.1194           0.0
    0.1195           0.0
    0.1196           0.0
    0.1197           0.0
    0.1198           0.0
    0.1199           0.0
    0.1200           0.0
