 PEGS5-call comes next


 inseed=           1      (seed for generating unique sequences of Ranlux)
 ranlux luxury level set by rluxgo : 1     p=  48
 ranlux initialized by rluxgo from seed           1

 Start pdd60_phantom
 Call hatch to get cross-section data

 HATCH-call comes next

 RAYLEIGH OPTION REQUESTED FOR MEDIUM NUMBER  1

 EGS SUCCESSFULLY 'HATCHED' FOR ONE MEDIUM.

 Knock-on electrons can be created and any electron followed down to
                                          0.010 MeV kinetic energy
 Brem photons can be created and any photon followed down to
                                          0.010 MeV

 PDD + lateral profile run (30x30x20 cm water, 47 analytic bins)
 ncase= 100000000

 Sanity check: mean total energy deposited anywhere in phantom (MeV) =  0.37406442E-01
 SEM (MeV)                                          =  0.24459093E-05
 Relative SEM (%)                                   =    0.0065

 pdd_z0-1                 mean(MeV)=  0.116829E-03 sem(MeV)=  0.200670E-06 relerr(%)=   0.1718
 pdd_z1-2                 mean(MeV)=  0.116295E-03 sem(MeV)=  0.200501E-06 relerr(%)=   0.1724
 pdd_z2-3                 mean(MeV)=  0.109011E-03 sem(MeV)=  0.194159E-06 relerr(%)=   0.1781
 pdd_z3-4                 mean(MeV)=  0.996359E-04 sem(MeV)=  0.185682E-06 relerr(%)=   0.1864
 pdd_z4-5                 mean(MeV)=  0.894148E-04 sem(MeV)=  0.175980E-06 relerr(%)=   0.1968
 pdd_z5-6                 mean(MeV)=  0.788263E-04 sem(MeV)=  0.165183E-06 relerr(%)=   0.2096
 pdd_z6-7                 mean(MeV)=  0.689550E-04 sem(MeV)=  0.154313E-06 relerr(%)=   0.2238
 pdd_z7-8                 mean(MeV)=  0.599950E-04 sem(MeV)=  0.144012E-06 relerr(%)=   0.2400
 pdd_z8-9                 mean(MeV)=  0.516680E-04 sem(MeV)=  0.133586E-06 relerr(%)=   0.2585
 pdd_z9-10                mean(MeV)=  0.444520E-04 sem(MeV)=  0.123821E-06 relerr(%)=   0.2786
 pdd_z10-11               mean(MeV)=  0.378835E-04 sem(MeV)=  0.114170E-06 relerr(%)=   0.3014
 pdd_z11-12               mean(MeV)=  0.321977E-04 sem(MeV)=  0.105282E-06 relerr(%)=   0.3270
 pdd_z12-13               mean(MeV)=  0.274886E-04 sem(MeV)=  0.974663E-07 relerr(%)=   0.3546
 pdd_z13-14               mean(MeV)=  0.230861E-04 sem(MeV)=  0.892332E-07 relerr(%)=   0.3865
 pdd_z14-15               mean(MeV)=  0.195942E-04 sem(MeV)=  0.822646E-07 relerr(%)=   0.4198
 lat_shallow_x-8--7       mean(MeV)=  0.436930E-05 sem(MeV)=  0.389016E-07 relerr(%)=   0.8903
 lat_shallow_x-7--6       mean(MeV)=  0.629792E-05 sem(MeV)=  0.468358E-07 relerr(%)=   0.7437
 lat_shallow_x-6--5       mean(MeV)=  0.984828E-05 sem(MeV)=  0.586452E-07 relerr(%)=   0.5955
 lat_shallow_x-5--4       mean(MeV)=  0.517947E-04 sem(MeV)=  0.132939E-06 relerr(%)=   0.2567
 lat_shallow_x-4--3       mean(MeV)=  0.553071E-04 sem(MeV)=  0.137518E-06 relerr(%)=   0.2486
 lat_shallow_x-3--2       mean(MeV)=  0.571083E-04 sem(MeV)=  0.139938E-06 relerr(%)=   0.2450
 lat_shallow_x-2--1       mean(MeV)=  0.581178E-04 sem(MeV)=  0.141142E-06 relerr(%)=   0.2429
 lat_shallow_x-1-0        mean(MeV)=  0.584418E-04 sem(MeV)=  0.141423E-06 relerr(%)=   0.2420
 lat_shallow_x0-1         mean(MeV)=  0.583873E-04 sem(MeV)=  0.141437E-06 relerr(%)=   0.2422
 lat_shallow_x1-2         mean(MeV)=  0.579264E-04 sem(MeV)=  0.140694E-06 relerr(%)=   0.2429
 lat_shallow_x2-3         mean(MeV)=  0.573708E-04 sem(MeV)=  0.140297E-06 relerr(%)=   0.2445
 lat_shallow_x3-4         mean(MeV)=  0.551060E-04 sem(MeV)=  0.137311E-06 relerr(%)=   0.2492
 lat_shallow_x4-5         mean(MeV)=  0.518439E-04 sem(MeV)=  0.133209E-06 relerr(%)=   0.2569
 lat_shallow_x5-6         mean(MeV)=  0.978198E-05 sem(MeV)=  0.583405E-07 relerr(%)=   0.5964
 lat_shallow_x6-7         mean(MeV)=  0.626342E-05 sem(MeV)=  0.465502E-07 relerr(%)=   0.7432
 lat_shallow_x7-8         mean(MeV)=  0.437952E-05 sem(MeV)=  0.389642E-07 relerr(%)=   0.8897
 lat_10cm_x-8--7          mean(MeV)=  0.514612E-05 sem(MeV)=  0.419729E-07 relerr(%)=   0.8156
 lat_10cm_x-7--6          mean(MeV)=  0.669585E-05 sem(MeV)=  0.478717E-07 relerr(%)=   0.7149
 lat_10cm_x-6--5          mean(MeV)=  0.889955E-05 sem(MeV)=  0.551508E-07 relerr(%)=   0.6197
 lat_10cm_x-5--4          mean(MeV)=  0.174929E-04 sem(MeV)=  0.772486E-07 relerr(%)=   0.4416
 lat_10cm_x-4--3          mean(MeV)=  0.196774E-04 sem(MeV)=  0.820181E-07 relerr(%)=   0.4168
 lat_10cm_x-3--2          mean(MeV)=  0.210359E-04 sem(MeV)=  0.848588E-07 relerr(%)=   0.4034
 lat_10cm_x-2--1          mean(MeV)=  0.217256E-04 sem(MeV)=  0.861883E-07 relerr(%)=   0.3967
 lat_10cm_x-1-0           mean(MeV)=  0.222635E-04 sem(MeV)=  0.873162E-07 relerr(%)=   0.3922
 lat_10cm_x0-1            mean(MeV)=  0.221884E-04 sem(MeV)=  0.871205E-07 relerr(%)=   0.3926
 lat_10cm_x1-2            mean(MeV)=  0.217875E-04 sem(MeV)=  0.861937E-07 relerr(%)=   0.3956
 lat_10cm_x2-3            mean(MeV)=  0.210545E-04 sem(MeV)=  0.848842E-07 relerr(%)=   0.4032
 lat_10cm_x3-4            mean(MeV)=  0.196120E-04 sem(MeV)=  0.818520E-07 relerr(%)=   0.4174
 lat_10cm_x4-5            mean(MeV)=  0.177813E-04 sem(MeV)=  0.781688E-07 relerr(%)=   0.4396
 lat_10cm_x5-6            mean(MeV)=  0.899181E-05 sem(MeV)=  0.555604E-07 relerr(%)=   0.6179
 lat_10cm_x6-7            mean(MeV)=  0.665624E-05 sem(MeV)=  0.476302E-07 relerr(%)=   0.7156
 lat_10cm_x7-8            mean(MeV)=  0.513653E-05 sem(MeV)=  0.418943E-07 relerr(%)=   0.8156
