 PEGS5-call comes next


 inseed=           1      (seed for generating unique sequences of Ranlux)
 ranlux luxury level set by rluxgo : 1     p=  48
 ranlux initialized by rluxgo from seed           1

 Start fluor_off_w
 Call hatch to get cross-section data

 HATCH-call comes next

 RAYLEIGH OPTION REQUESTED FOR MEDIUM NUMBER  1

 INCOHERENT OPTION REQUESTED FOR MEDIUM NUMBER  1

 EGS SUCCESSFULLY 'HATCHED' FOR ONE MEDIUM.

 Knock-on electrons can be created and any electron followed down to
                                          0.010 MeV kinetic energy
 Brem photons can be created and any photon followed down to
                                          0.001 MeV

 For 100.0 keV photons incident on 0.035cm of W with PCUT=0.001 MeV

 Transmitted primaries (true, never sca   4.996%  ave energy=   0.10000 MeV

 Fraction Rayleigh scattering (non-fluo   0.594%  ave energy=   0.09952 MeV

 Fraction Compton scattering only (non-   0.286%  ave energy=   0.08027 MeV

 Fraction fluorescence/photoelectric-de   0.021%  ave energy=   0.03861 MeV


 Total escaped-photon energy (MeV, both directions)=  0.582404E+04
 Total escaped-photon count=     58964.0
 TOTAL ENERGY TRANSMISSION FRACTION=  0.058240


 Escaped photons in 56-70 keV band (count)=        65.0
 FRACTION OF ESCAPED PHOTONS IN 56-70 keV BAND=  0.001102


 Escaped-photon energy histogram (both directions), 1 keV bins:
   bin-upper-edge(MeV)   counts
    0.0010           0.0
    0.0020           2.0
    0.0030           0.0
    0.0040           1.0
    0.0050           2.0
    0.0060           1.0
    0.0070           4.0
    0.0080           1.0
    0.0090           7.0
    0.0100           5.0
    0.0110           3.0
    0.0120           1.0
    0.0130           2.0
    0.0140           2.0
    0.0150           1.0
    0.0160           2.0
    0.0170           2.0
    0.0180           3.0
    0.0190           2.0
    0.0200           3.0
    0.0210           2.0
    0.0220           2.0
    0.0230           2.0
    0.0240           7.0
    0.0250           5.0
    0.0260           2.0
    0.0270           3.0
    0.0280           3.0
    0.0290           3.0
    0.0300           5.0
    0.0310           2.0
    0.0320           3.0
    0.0330           2.0
    0.0340           3.0
    0.0350           6.0
    0.0360           2.0
    0.0370           3.0
    0.0380           2.0
    0.0390           2.0
    0.0400           3.0
    0.0410           4.0
    0.0420           5.0
    0.0430           6.0
    0.0440           7.0
    0.0450           4.0
    0.0460           2.0
    0.0470           5.0
    0.0480           2.0
    0.0490           4.0
    0.0500           5.0
    0.0510           1.0
    0.0520           2.0
    0.0530           4.0
    0.0540           3.0
    0.0550           1.0
    0.0560           3.0
    0.0570           3.0
    0.0580           4.0
    0.0590           3.0
    0.0600           4.0
    0.0610           4.0
    0.0620           6.0
    0.0630           5.0
    0.0640           7.0
    0.0650           6.0
    0.0660           3.0
    0.0670           7.0
    0.0680           6.0
    0.0690           2.0
    0.0700           5.0
    0.0710           4.0
    0.0720          58.0
    0.0730         403.0
    0.0740         336.0
    0.0750         296.0
    0.0760         247.0
    0.0770         237.0
    0.0780         180.0
    0.0790         159.0
    0.0800         124.0
    0.0810         105.0
    0.0820          68.0
    0.0830          35.0
    0.0840          10.0
    0.0850           5.0
    0.0860           6.0
    0.0870           9.0
    0.0880          17.0
    0.0890          23.0
    0.0900          13.0
    0.0910          32.0
    0.0920          27.0
    0.0930          49.0
    0.0940          48.0
    0.0950          64.0
    0.0960          74.0
    0.0970          88.0
    0.0980         111.0
    0.0990         116.0
    0.1000       55791.0
    0.1010           0.0
    0.1020           0.0
    0.1030           0.0
    0.1040           0.0
    0.1050           0.0
    0.1060           0.0
    0.1070           0.0
    0.1080           0.0
    0.1090           0.0
    0.1100           0.0
    0.1110           0.0
    0.1120           0.0
    0.1130           0.0
    0.1140           0.0
    0.1150           0.0
    0.1160           0.0
    0.1170           0.0
    0.1180           0.0
    0.1190           0.0
    0.1200           0.0
