 PEGS5-call comes next


 inseed=           1      (seed for generating unique sequences of Ranlux)
 ranlux luxury level set by rluxgo : 1     p=  48
 ranlux initialized by rluxgo from seed           1

 Start fluor_on_w
 Call hatch to get cross-section data

 HATCH-call comes next

 RAYLEIGH OPTION REQUESTED FOR MEDIUM NUMBER  1

 INCOHERENT OPTION REQUESTED FOR MEDIUM NUMBER  1

 EGS SUCCESSFULLY 'HATCHED' FOR ONE MEDIUM.

 Knock-on electrons can be created and any electron followed down to
                                          0.010 MeV kinetic energy
 Brem photons can be created and any photon followed down to
                                          0.001 MeV

 For 100.0 keV photons incident on 0.035cm of W with PCUT=0.001 MeV

 Transmitted primaries (true, never sca   4.995%  ave energy=   0.10000 MeV

 Fraction Rayleigh scattering (non-fluo   0.604%  ave energy=   0.09966 MeV

 Fraction Compton scattering only (non-   0.278%  ave energy=   0.08052 MeV

 Fraction fluorescence/photoelectric-de  18.473%  ave energy=   0.06028 MeV


 Total escaped-photon energy (MeV, both directions)=  0.169564E+05
 Total escaped-photon count=    243508.0
 TOTAL ENERGY TRANSMISSION FRACTION=  0.169564


 Escaped photons in 56-70 keV band (count)=    180348.0
 FRACTION OF ESCAPED PHOTONS IN 56-70 keV BAND=  0.740625


 Escaped-photon energy histogram (both directions), 1 keV bins:
   bin-upper-edge(MeV)   counts
    0.0010           0.0
    0.0020           0.0
    0.0030           0.0
    0.0040           3.0
    0.0050           0.0
    0.0060           4.0
    0.0070           3.0
    0.0080          43.0
    0.0090         901.0
    0.0100        1494.0
    0.0110          14.0
    0.0120         130.0
    0.0130           9.0
    0.0140           1.0
    0.0150           0.0
    0.0160           9.0
    0.0170           0.0
    0.0180           3.0
    0.0190           4.0
    0.0200           3.0
    0.0210           2.0
    0.0220           3.0
    0.0230           7.0
    0.0240           3.0
    0.0250           7.0
    0.0260           8.0
    0.0270           4.0
    0.0280           7.0
    0.0290           6.0
    0.0300           2.0
    0.0310           6.0
    0.0320           8.0
    0.0330           8.0
    0.0340           6.0
    0.0350           4.0
    0.0360           9.0
    0.0370           7.0
    0.0380           6.0
    0.0390           6.0
    0.0400           1.0
    0.0410           7.0
    0.0420           7.0
    0.0430           9.0
    0.0440           7.0
    0.0450           6.0
    0.0460           6.0
    0.0470           4.0
    0.0480          43.0
    0.0490         151.0
    0.0500         168.0
    0.0510         181.0
    0.0520         168.0
    0.0530         146.0
    0.0540         201.0
    0.0550         270.0
    0.0560         296.0
    0.0570         312.0
    0.0580       47170.0
    0.0590         207.0
    0.0600       85431.0
    0.0610          70.0
    0.0620          76.0
    0.0630          66.0
    0.0640          78.0
    0.0650         105.0
    0.0660          96.0
    0.0670       12428.0
    0.0680       24376.0
    0.0690          24.0
    0.0700        9909.0
    0.0710           0.0
    0.0720          59.0
    0.0730         406.0
    0.0740         317.0
    0.0750         267.0
    0.0760         242.0
    0.0770         228.0
    0.0780         164.0
    0.0790         136.0
    0.0800         107.0
    0.0810          95.0
    0.0820          58.0
    0.0830          41.0
    0.0840           7.0
    0.0850           9.0
    0.0860           6.0
    0.0870           8.0
    0.0880          18.0
    0.0890          14.0
    0.0900          22.0
    0.0910           9.0
    0.0920          31.0
    0.0930          51.0
    0.0940          60.0
    0.0950          68.0
    0.0960          77.0
    0.0970          96.0
    0.0980         116.0
    0.0990         128.0
    0.1000       55919.0
    0.1010           0.0
    0.1020           0.0
    0.1030           0.0
    0.1040           0.0
    0.1050           0.0
    0.1060           0.0
    0.1070           0.0
    0.1080           0.0
    0.1090           0.0
    0.1100           0.0
    0.1110           0.0
    0.1120           0.0
    0.1130           0.0
    0.1140           0.0
    0.1150           0.0
    0.1160           0.0
    0.1170           0.0
    0.1180           0.0
    0.1190           0.0
    0.1200           0.0
